<?xml version="1.0" encoding="UTF-8"?>
<!-- Generated by org.testng.reporters.JUnitReportReporter -->
<testsuite hostname="Eder" failures="0" tests="1" name="com.autotestapi.github.github_api_framework.tests.RepositoryTests" time="3.341" errors="0" timestamp="2025-10-02T13:38:52 BRT" skipped="0">
  <testcase classname="com.autotestapi.github.github_api_framework.tests.RepositoryTests" name="testPostCreateRepository" time="3.341"/>
</testsuite> <!-- com.autotestapi.github.github_api_framework.tests.RepositoryTests -->
